This file contains any messages produced by compilers while
running configure, to aid debugging if configure makes a mistake.

It was created by Inchworm configure 0.1, which was
generated by GNU Autoconf 2.59.  Invocation command line was

  $ ./configure --prefix=/home/unix/bhaas/ahg_bhaas/TrinityRelease/trinityrnaseq_r20140716/Inchworm

## --------- ##
## Platform. ##
## --------- ##

hostname = acmodonutm
uname -m = x86_64
uname -r = 2.6.18-194.8.1.el5
uname -s = Linux
uname -v = #1 SMP Thu Jul 1 19:04:48 EDT 2010

/usr/bin/uname -p = unknown
/bin/uname -X     = unknown

/bin/arch              = x86_64
/usr/bin/arch -k       = unknown
/usr/convex/getsysinfo = unknown
hostinfo               = unknown
/bin/machine           = unknown
/usr/bin/oslevel       = unknown
/bin/universe          = unknown

PATH: .
PATH: /broad/software/free/Linux/redhat_5_x86_64/pkgs/coreutils_8.22/bin
PATH: /broad/software/free/Linux/redhat_5_x86_64/pkgs/git_1.8.4/libexec/git-core
PATH: /broad/software/free/Linux/redhat_5_x86_64/pkgs/git_1.8.4/bin
PATH: /broad/software/free/Linux/redhat_5_x86_64/pkgs/openssl_1.0.1g/bin
PATH: /broad/software/free/Linux/redhat_5_x86_64/pkgs/curl_7.33.0/bin
PATH: /broad/software/free/Linux/redhat_5_x86_64/pkgs/neon_0.30.0/bin
PATH: /broad/software/free/Linux/redhat_5_x86_64/pkgs/db_4.8.26/bin
PATH: /broad/software/free/Linux/redhat_5_x86_64/pkgs/sqlite_3.7.17/bin
PATH: /broad/software/free/Linux/redhat_5_x86_64/pkgs/subversion_1.6.5/bin
PATH: /broad/software/free/Linux/redhat_5_x86_64/pkgs/oracle-java-jdk_1.6.0-35_x86_64/bin
PATH: /broad/software/free/Linux/redhat_5_x86_64/pkgs/r_3.0.2/bin
PATH: /broad/software/free/Linux/redhat_5_x86_64/pkgs/netcdf_4.0.1/bin
PATH: /broad/software/free/Linux/redhat_5_x86_64/pkgs/gcc_4.5.3/bin
PATH: /broad/software/free/Linux/redhat_5_x86_64/pkgs/mercurial_1.9.3-python-2.7.1-sqlite3-rtrees/bin
PATH: /broad/software/free/Linux/redhat_5_x86_64/pkgs/python_2.7.1-sqlite3-rtrees/bin
PATH: /broad/software/free/Linux/redhat_5_x86_64/pkgs/matplotlib_1.3.1-python-2.7.1-sqlite3-rtrees/bin
PATH: /broad/software/free/Linux/redhat_5_x86_64/pkgs/postgresql_8.4.21/bin
PATH: /broad/software/free/Linux/redhat_5_x86_64/pkgs/hdf5_1.8.4/bin
PATH: /broad/software/free/Linux/redhat_5_x86_64/pkgs/tcltk8.5.9/bin
PATH: /broad/software/free/Linux/redhat_5_x86_64/pkgs/glib_2.22.4/bin
PATH: /broad/software/free/Linux/redhat_5_x86_64/pkgs/gettext_0.17/bin
PATH: /broad/software/free/Linux/redhat_5_x86_64/pkgs/ncbi-blast_2.2.24+-x86_64/bin
PATH: /broad/software/free/Linux/redhat_5_x86_64/pkgs/perl_5.8.9/bin
PATH: /broad/software/free/Linux/redhat_5_x86_64/pkgs/dbd-oracle_1.23-perl-5.8.9-oracle-instantclient-10.2.0.4.0/bin
PATH: /broad/software/nonfree/Linux/redhat_5_x86_64/pkgs/oracle_instantclient-10.2.0.4.0/instantclient_10_2
PATH: /broad/software/free/Linux/redhat_5_x86_64/pkgs/graphviz_2.26.3/bin
PATH: /broad/lsf/7.0/linux2.6-glibc2.3-x86_64/etc
PATH: /broad/lsf/7.0/linux2.6-glibc2.3-x86_64/bin
PATH: /home/unix/bhaas/utilities
PATH: /home/unix/bhaas/SVN/PASA/trunk/misc_utilities/
PATH: /home/unix/bhaas/bin
PATH: /broad/tools/NoArch/pkgs/local
PATH: /usr/lib64/qt-3.3/bin
PATH: /usr/kerberos/bin
PATH: /usr/local/bin
PATH: /bin
PATH: /usr/bin
PATH: /var/cfengine/bin
PATH: /seq/regev_genome_portal/SOFTWARE/OpenMPI/openmpi-1.6.5/bin


## ----------- ##
## Core tests. ##
## ----------- ##

configure:1309: checking for a BSD-compatible install
configure:1364: result: /broad/software/free/Linux/redhat_5_x86_64/pkgs/coreutils_8.22/bin/install -c
configure:1375: checking whether build environment is sane
configure:1418: result: yes
configure:1483: checking for gawk
configure:1499: found /bin/gawk
configure:1509: result: gawk
configure:1519: checking whether make sets $(MAKE)
configure:1539: result: yes
configure:1765: checking for g++
configure:1781: found /broad/software/free/Linux/redhat_5_x86_64/pkgs/gcc_4.5.3/bin/g++
configure:1791: result: g++
configure:1807: checking for C++ compiler version
configure:1810: g++ --version </dev/null >&5
g++ (GCC) 4.5.3
Copyright (C) 2010 Free Software Foundation, Inc.
This is free software; see the source for copying conditions.  There is NO
warranty; not even for MERCHANTABILITY or FITNESS FOR A PARTICULAR PURPOSE.

configure:1813: $? = 0
configure:1815: g++ -v </dev/null >&5
Using built-in specs.
COLLECT_GCC=g++
COLLECT_LTO_WRAPPER=/broad/software/free/Linux/redhat_5_x86_64/pkgs/gcc_4.5.3/libexec/gcc/x86_64-unknown-linux-gnu/4.5.3/lto-wrapper
Target: x86_64-unknown-linux-gnu
Configured with: /local/tmp/redhat_5_x86_64/build/tmp/gcc-4.5.3/configure --prefix=/broad/software/free/Linux/redhat_5_x86_64/pkgs/gcc_4.5.3 --enable-languages=c,c++,objc,obj-c++,fortran --without-cloog --without-ppl --with-gmp=/broad/software/free/Linux/redhat_5_x86_64/pkgs/gcc_4.5.3 --with-mpfr=/broad/software/free/Linux/redhat_5_x86_64/pkgs/gcc_4.5.3
Thread model: posix
gcc version 4.5.3 (GCC) 
configure:1818: $? = 0
configure:1820: g++ -V </dev/null >&5
g++: '-V' option must have argument
configure:1823: $? = 1
configure:1846: checking for C++ compiler default output file name
configure:1849: g++    conftest.cc  >&5
configure:1852: $? = 0
configure:1898: result: a.out
configure:1903: checking whether the C++ compiler works
configure:1909: ./a.out
configure:1912: $? = 0
configure:1929: result: yes
configure:1936: checking whether we are cross compiling
configure:1938: result: no
configure:1941: checking for suffix of executables
configure:1943: g++ -o conftest    conftest.cc  >&5
configure:1946: $? = 0
configure:1971: result: 
configure:1977: checking for suffix of object files
configure:1998: g++ -c   conftest.cc >&5
configure:2001: $? = 0
configure:2023: result: o
configure:2027: checking whether we are using the GNU C++ compiler
configure:2051: g++ -c   conftest.cc >&5
configure:2057: $? = 0
configure:2061: test -z 
			 || test ! -s conftest.err
configure:2064: $? = 0
configure:2067: test -s conftest.o
configure:2070: $? = 0
configure:2083: result: yes
configure:2089: checking whether g++ accepts -g
configure:2110: g++ -c -g  conftest.cc >&5
configure:2116: $? = 0
configure:2120: test -z 
			 || test ! -s conftest.err
configure:2123: $? = 0
configure:2126: test -s conftest.o
configure:2129: $? = 0
configure:2140: result: yes
configure:2182: g++ -c -g -O2  conftest.cc >&5
configure:2188: $? = 0
configure:2192: test -z 
			 || test ! -s conftest.err
configure:2195: $? = 0
configure:2198: test -s conftest.o
configure:2201: $? = 0
configure:2227: g++ -c -g -O2  conftest.cc >&5
conftest.cc: In function 'int main()':
conftest.cc:15:9: error: 'exit' was not declared in this scope
configure:2233: $? = 1
configure: failed program was:
| /* confdefs.h.  */
| 
| #define PACKAGE_NAME "Inchworm"
| #define PACKAGE_TARNAME "inchworm"
| #define PACKAGE_VERSION "0.1"
| #define PACKAGE_STRING "Inchworm 0.1"
| #define PACKAGE_BUGREPORT "bug-report@address"
| #define PACKAGE "inchworm"
| #define VERSION "0.1"
| /* end confdefs.h.  */
| 
| int
| main ()
| {
| exit (42);
|   ;
|   return 0;
| }
configure:2182: g++ -c -g -O2  conftest.cc >&5
conftest.cc:11:40: error: 'void std::exit(int)' should have been declared inside 'std'
configure:2188: $? = 1
configure: failed program was:
| /* confdefs.h.  */
| 
| #define PACKAGE_NAME "Inchworm"
| #define PACKAGE_TARNAME "inchworm"
| #define PACKAGE_VERSION "0.1"
| #define PACKAGE_STRING "Inchworm 0.1"
| #define PACKAGE_BUGREPORT "bug-report@address"
| #define PACKAGE "inchworm"
| #define VERSION "0.1"
| /* end confdefs.h.  */
| extern "C" void std::exit (int) throw (); using std::exit;
| #include <stdlib.h>
| int
| main ()
| {
| exit (42);
|   ;
|   return 0;
| }
configure:2182: g++ -c -g -O2  conftest.cc >&5
conftest.cc:11:31: error: 'void std::exit(int)' should have been declared inside 'std'
In file included from conftest.cc:12:0:
/usr/include/stdlib.h:646:70: error: declaration of 'void std::exit(int) throw ()' throws different exceptions
conftest.cc:11:17: error: from previous declaration 'void std::exit(int)'
configure:2188: $? = 1
configure: failed program was:
| /* confdefs.h.  */
| 
| #define PACKAGE_NAME "Inchworm"
| #define PACKAGE_TARNAME "inchworm"
| #define PACKAGE_VERSION "0.1"
| #define PACKAGE_STRING "Inchworm 0.1"
| #define PACKAGE_BUGREPORT "bug-report@address"
| #define PACKAGE "inchworm"
| #define VERSION "0.1"
| /* end confdefs.h.  */
| extern "C" void std::exit (int); using std::exit;
| #include <stdlib.h>
| int
| main ()
| {
| exit (42);
|   ;
|   return 0;
| }
configure:2182: g++ -c -g -O2  conftest.cc >&5
configure:2188: $? = 0
configure:2192: test -z 
			 || test ! -s conftest.err
configure:2195: $? = 0
configure:2198: test -s conftest.o
configure:2201: $? = 0
configure:2227: g++ -c -g -O2  conftest.cc >&5
configure:2233: $? = 0
configure:2237: test -z 
			 || test ! -s conftest.err
configure:2240: $? = 0
configure:2243: test -s conftest.o
configure:2246: $? = 0
configure:2280: checking for style of include used by make
configure:2308: result: GNU
configure:2336: checking dependency style of g++
configure:2426: result: gcc3
configure:2455: checking for library containing cos
configure:2485: g++ -o conftest -g -O2   conftest.cc  >&5
configure:2491: $? = 0
configure:2495: test -z 
			 || test ! -s conftest.err
configure:2498: $? = 0
configure:2501: test -s conftest
configure:2504: $? = 0
configure:2574: result: none required
configure:2694: creating ./config.status

## ---------------------- ##
## Running config.status. ##
## ---------------------- ##

This file was extended by Inchworm config.status 0.1, which was
generated by GNU Autoconf 2.59.  Invocation command line was

  CONFIG_FILES    = 
  CONFIG_HEADERS  = 
  CONFIG_LINKS    = 
  CONFIG_COMMANDS = 
  $ ./config.status 

on acmodonutm

config.status:689: creating Makefile
config.status:689: creating src/Makefile
config.status:793: creating config.h
config.status:879: config.h is unchanged
config.status:1059: executing depfiles commands

## ---------------- ##
## Cache variables. ##
## ---------------- ##

ac_cv_cxx_compiler_gnu=yes
ac_cv_env_CPPFLAGS_set=
ac_cv_env_CPPFLAGS_value=
ac_cv_env_CXXFLAGS_set=
ac_cv_env_CXXFLAGS_value=
ac_cv_env_CXX_set=
ac_cv_env_CXX_value=
ac_cv_env_LDFLAGS_set=
ac_cv_env_LDFLAGS_value=
ac_cv_env_build_alias_set=
ac_cv_env_build_alias_value=
ac_cv_env_host_alias_set=
ac_cv_env_host_alias_value=
ac_cv_env_target_alias_set=
ac_cv_env_target_alias_value=
ac_cv_exeext=
ac_cv_objext=o
ac_cv_path_install='/broad/software/free/Linux/redhat_5_x86_64/pkgs/coreutils_8.22/bin/install -c'
ac_cv_prog_AWK=gawk
ac_cv_prog_ac_ct_CXX=g++
ac_cv_prog_cxx_g=yes
ac_cv_prog_make_make_set=yes
ac_cv_search_cos='none required'
am_cv_CXX_dependencies_compiler_type=gcc3

## ----------------- ##
## Output variables. ##
## ----------------- ##

ACLOCAL='${SHELL} /home/unix/bhaas/ahg_bhaas/TrinityRelease/trinityrnaseq_r20140716/Inchworm/missing --run aclocal-1.9'
AMDEPBACKSLASH='\'
AMDEP_FALSE='#'
AMDEP_TRUE=''
AMTAR='${SHELL} /home/unix/bhaas/ahg_bhaas/TrinityRelease/trinityrnaseq_r20140716/Inchworm/missing --run tar'
AM_CXXFLAGS='-pedantic -fopenmp -Wall -Wextra -Wno-long-long -Wno-deprecated -m64'
AUTOCONF='${SHELL} /home/unix/bhaas/ahg_bhaas/TrinityRelease/trinityrnaseq_r20140716/Inchworm/missing --run autoconf'
AUTOHEADER='${SHELL} /home/unix/bhaas/ahg_bhaas/TrinityRelease/trinityrnaseq_r20140716/Inchworm/missing --run autoheader'
AUTOMAKE='${SHELL} /home/unix/bhaas/ahg_bhaas/TrinityRelease/trinityrnaseq_r20140716/Inchworm/missing --run automake-1.9'
AWK='gawk'
CPPFLAGS=''
CXX='g++'
CXXDEPMODE='depmode=gcc3'
CXXFLAGS='-g -O2'
CYGPATH_W='echo'
DEFS='-DHAVE_CONFIG_H'
DEPDIR='.deps'
ECHO_C=''
ECHO_N='-n'
ECHO_T=''
EXEEXT=''
INSTALL_DATA='${INSTALL} -m 644'
INSTALL_PROGRAM='${INSTALL}'
INSTALL_SCRIPT='${INSTALL}'
INSTALL_STRIP_PROGRAM='${SHELL} $(install_sh) -c -s'
LDFLAGS=''
LIBOBJS=''
LIBS=''
LTLIBOBJS=''
MAKEINFO='${SHELL} /home/unix/bhaas/ahg_bhaas/TrinityRelease/trinityrnaseq_r20140716/Inchworm/missing --run makeinfo'
OBJEXT='o'
PACKAGE='inchworm'
PACKAGE_BUGREPORT='bug-report@address'
PACKAGE_NAME='Inchworm'
PACKAGE_STRING='Inchworm 0.1'
PACKAGE_TARNAME='inchworm'
PACKAGE_VERSION='0.1'
PATH_SEPARATOR=':'
SET_MAKE=''
SHELL='/bin/sh'
STRIP=''
VERSION='0.1'
ac_ct_CXX='g++'
ac_ct_STRIP=''
am__fastdepCXX_FALSE='#'
am__fastdepCXX_TRUE=''
am__include='include'
am__leading_dot='.'
am__quote=''
am__tar='${AMTAR} chof - "$$tardir"'
am__untar='${AMTAR} xf -'
bindir='${exec_prefix}/bin'
build_alias=''
datadir='${prefix}/share'
exec_prefix='${prefix}'
host_alias=''
includedir='${prefix}/include'
infodir='${prefix}/info'
install_sh='/home/unix/bhaas/ahg_bhaas/TrinityRelease/trinityrnaseq_r20140716/Inchworm/install-sh'
libdir='${exec_prefix}/lib'
libexecdir='${exec_prefix}/libexec'
localstatedir='${prefix}/var'
mandir='${prefix}/man'
mkdir_p='mkdir -p --'
oldincludedir='/usr/include'
prefix='/home/unix/bhaas/ahg_bhaas/TrinityRelease/trinityrnaseq_r20140716/Inchworm'
program_transform_name='s,x,x,'
sbindir='${exec_prefix}/sbin'
sharedstatedir='${prefix}/com'
sysconfdir='${prefix}/etc'
target_alias=''

## ----------- ##
## confdefs.h. ##
## ----------- ##

#define PACKAGE "inchworm"
#define PACKAGE_BUGREPORT "bug-report@address"
#define PACKAGE_NAME "Inchworm"
#define PACKAGE_STRING "Inchworm 0.1"
#define PACKAGE_TARNAME "inchworm"
#define PACKAGE_VERSION "0.1"
#define VERSION "0.1"
#endif
#ifdef __cplusplus
extern "C" void exit (int) throw ();

configure: exit 0

## ---------------------- ##
## Running config.status. ##
## ---------------------- ##

This file was extended by Inchworm config.status 0.1, which was
generated by GNU Autoconf 2.59.  Invocation command line was

  CONFIG_FILES    = 
  CONFIG_HEADERS  = 
  CONFIG_LINKS    = 
  CONFIG_COMMANDS = 
  $ ./config.status config.h

on acmodonutm

config.status:793: creating config.h
config.status:879: config.h is unchanged
